<?xml version="1.0" encoding="UTF-8"?>
<!-- Generated by org.testng.reporters.JUnitReportReporter -->
<testsuite hostname="DESKTOP-L8VPHJS" failures="0" tests="3" name="runners.CRMRunner" time="0.123" errors="0" timestamp="2023-03-10T16:50:41 IST" skipped="0">
  <testcase classname="runners.CRMRunner" name="runScenario" time="0.096"/>
  <system-out/>
  <testcase classname="runners.CRMRunner" name="runScenario" time="0.012"/>
  <system-out/>
  <testcase classname="runners.CRMRunner" name="runScenario" time="0.015"/>
  <system-out/>
</testsuite> <!-- runners.CRMRunner -->
